external/logwire/build/outputs/mapping/dev/seeds.txt
io.github.mohammedbaqernull.logger.logwire.LogWireInitializer
io.github.mohammedbaqernull.logger.logwire.R
io.github.mohammedbaqernull.logger.logwire.R: R()
io.github.mohammedbaqernull.logger.logwire.LogWireInitializer: LogWireInitializer()