external/logwire/build/outputs/mapping/dev/mapping.txt
# compiler: R8
# compiler_version: 8.13.17
# common_typos_disable
# {"id":"com.android.tools.r8.mapping","version":"2.2"}
# pg_map_id: 568f1daef53a52ffaaa46476c5b54e203e3afad7afc874ad6f8c6a15f036d131
# pg_map_hash: SHA-256 568f1daef53a52ffaaa46476c5b54e203e3afad7afc874ad6f8c6a15f036d131
...
io.github.mohammedbaqernull.logger.logwire.LogWire -> b.c:
# {"id":"sourceFile","fileName":"LogWire.kt"}
    android.content.Context context -> a
    io.github.mohammedbaqernull.logger.ILogWireService logService -> b
      # {"id":"com.android.tools.r8.residualsignature","signature":"La/c;"}
    java.lang.String packageName -> c
    java.lang.Thread logcatThread -> d
    boolean isRunning -> e
    boolean isConnected -> f
    java.lang.String TAG -> g
    io.github.mohammedbaqernull.logger.logwire.LogWire$serviceConnection$1 serviceConnection -> h
      # {"id":"com.android.tools.r8.residualsignature","signature":"Lb/b;"}
    io.github.mohammedbaqernull.logger.logwire.LogWire$Companion Companion -> i
      # {"id":"com.android.tools.r8.residualsignature","signature":"Lb/a;"}
    io.github.mohammedbaqernull.logger.logwire.LogWire instance -> j
      # {"id":"com.android.tools.r8.residualsignature","signature":"Lb/c;"}
    1:1:void <clinit>():0:0 -> <clinit>
    1:24:void <init>(android.content.Context):47:70 -> <init>
    1:24:void <init>(android.content.Context,kotlin.jvm.internal.DefaultConstructorMarker):0 -> <init>
      # {"id":"com.android.tools.r8.residualsignature","signature":"(Landroid/content/Context;)V"}
    1:23:void start():105:127 -> a
    24:36:void start():125:137 -> a
    37:37:void start():113:113 -> a
    38:48:void startLogcatReader$lambda$1(io.github.mohammedbaqernull.logger.logwire.LogWire):163:173 -> a
io.github.mohammedbaqernull.logger.logwire.LogWire$Companion -> b.a:
# {"id":"sourceFile","fileName":"LogWire.kt"}
    1:1:void <init>():318:318 -> <init>
    1:1:void <init>(kotlin.jvm.internal.DefaultConstructorMarker):0 -> <init>
      # {"id":"com.android.tools.r8.residualsignature","signature":"()V"}
io.github.mohammedbaqernull.logger.logwire.LogWire$serviceConnection$1 -> b.b:
# {"id":"sourceFile","fileName":"LogWire.kt"}
    io.github.mohammedbaqernull.logger.logwire.LogWire this$0 -> a
      # {"id":"com.android.tools.r8.residualsignature","signature":"Lb/c;"}
    1:1:void <init>(io.github.mohammedbaqernull.logger.logwire.LogWire):70:70 -> <init>
      # {"id":"com.android.tools.r8.residualsignature","signature":"(Lb/c;)V"}
    1:1:void onServiceConnected(android.content.ComponentName,android.os.IBinder):72:72 -> onServiceConnected
    2:2:java.lang.String io.github.mohammedbaqernull.logger.logwire.LogWire.access$getTAG$p(io.github.mohammedbaqernull.logger.logwire.LogWire):47:47 -> onServiceConnected
    2:2:void onServiceConnected(android.content.ComponentName,android.os.IBinder):72 -> onServiceConnected
    3:4:void onServiceConnected(android.content.ComponentName,android.os.IBinder):72:73 -> onServiceConnected
    5:9:io.github.mohammedbaqernull.logger.ILogWireService io.github.mohammedbaqernull.logger.ILogWireService$Stub.asInterface(android.os.IBinder):40:44 -> onServiceConnected
    5:9:void onServiceConnected(android.content.ComponentName,android.os.IBinder):73 -> onServiceConnected
    10:10:void io.github.mohammedbaqernull.logger.logwire.LogWire.access$setLogService$p(io.github.mohammedbaqernull.logger.logwire.LogWire,io.github.mohammedbaqernull.logger.ILogWireService):47:47 -> onServiceConnected