external/logwire/build/outputs/mapping/dev/usage.txt
io.github.mohammedbaqernull.logger.ILogWireService$Default
io.github.mohammedbaqernull.logger.ILogWireService$Stub$Proxy:
    public java.lang.String getInterfaceDescriptor()
io.github.mohammedbaqernull.logger.ILogWireService$Stub:
    static final int TRANSACTION_registerApp
    static final int TRANSACTION_sendLog
    public void <init>()
    public android.os.IBinder asBinder()
    public boolean onTransact(int,android.os.Parcel,android.os.Parcel,int)
io.github.mohammedbaqernull.logger.ILogWireService:
    public static final java.lang.String DESCRIPTOR
io.github.mohammedbaqernull.logger.configurations.LWPropertiesKt
io.github.mohammedbaqernull.logger.logwire.BuildConfig
io.github.mohammedbaqernull.logger.logwire.LogWire:
    public final void stop()
io.github.mohammedbaqernull.logger.model.LogEntry$LogLevel$Companion
io.github.mohammedbaqernull.logger.model.LogEntry$LogLevel
io.github.mohammedbaqernull.logger.model.LogEntry
io.github.mohammedbaqernull.logger.service.LogReceiverService$Companion
io.github.mohammedbaqernull.logger.service.LogReceiverService$LogListener
io.github.mohammedbaqernull.logger.service.LogReceiverService$binder$1
io.github.mohammedbaqernull.logger.service.LogReceiverService
io.github.mohammedbaqernull.logger.ILogWireService$Stub$Proxy:
    public final void registerApp()
io.github.mohammedbaqernull.logger.ILogWireService:
    public abstract void registerApp()
    public abstract void sendLog(java.lang.String,java.lang.String,java.lang.String,int,long)
io.github.mohammedbaqernull.logger.logwire.LogWire$Companion:
    public static void initialize()